Determining if the pthread_create exist failed with the following output:
Change Dir: /home/xx/commonspace/ship_ws/build/CMakeFiles/CMakeTmp

Run Build Command:"/usr/bin/make" "cmTC_e389f/fast"
/usr/bin/make -f CMakeFiles/cmTC_e389f.dir/build.make CMakeFiles/cmTC_e389f.dir/build
make[1]: Entering directory '/home/xx/commonspace/ship_ws/build/CMakeFiles/CMakeTmp'
Building C object CMakeFiles/cmTC_e389f.dir/CheckSymbolExists.c.o
/usr/bin/cc     -o CMakeFiles/cmTC_e389f.dir/CheckSymbolExists.c.o   -c /home/xx/commonspace/ship_ws/build/CMakeFiles/CMakeTmp/CheckSymbolExists.c
Linking C executable cmTC_e389f
/usr/bin/cmake -E cmake_link_script CMakeFiles/cmTC_e389f.dir/link.txt --verbose=1
/usr/bin/cc       CMakeFiles/cmTC_e389f.dir/CheckSymbolExists.c.o  -o cmTC_e389f -rdynamic 
CMakeFiles/cmTC_e389f.dir/CheckSymbolExists.c.o: In function `main':
CheckSymbolExists.c:(.text+0x16): undefined reference to `pthread_create'
collect2: error: ld returned 1 exit status
CMakeFiles/cmTC_e389f.dir/build.make:97: recipe for target 'cmTC_e389f' failed
make[1]: *** [cmTC_e389f] Error 1
make[1]: Leaving directory '/home/xx/commonspace/ship_ws/build/CMakeFiles/CMakeTmp'
Makefile:126: recipe for target 'cmTC_e389f/fast' failed
make: *** [cmTC_e389f/fast] Error 2

File /home/xx/commonspace/ship_ws/build/CMakeFiles/CMakeTmp/CheckSymbolExists.c:
/* */
#include <pthread.h>

int main(int argc, char** argv)
{
  (void)argv;
#ifndef pthread_create
  return ((int*)(&pthread_create))[argc];
#else
  (void)argc;
  return 0;
#endif
}

Determining if the function pthread_create exists in the pthreads failed with the following output:
Change Dir: /home/xx/commonspace/ship_ws/build/CMakeFiles/CMakeTmp

Run Build Command:"/usr/bin/make" "cmTC_71ffa/fast"
/usr/bin/make -f CMakeFiles/cmTC_71ffa.dir/build.make CMakeFiles/cmTC_71ffa.dir/build
make[1]: Entering directory '/home/xx/commonspace/ship_ws/build/CMakeFiles/CMakeTmp'
Building C object CMakeFiles/cmTC_71ffa.dir/CheckFunctionExists.c.o
/usr/bin/cc    -DCHECK_FUNCTION_EXISTS=pthread_create   -o CMakeFiles/cmTC_71ffa.dir/CheckFunctionExists.c.o   -c /usr/share/cmake-3.5/Modules/CheckFunctionExists.c
Linking C executable cmTC_71ffa
/usr/bin/cmake -E cmake_link_script CMakeFiles/cmTC_71ffa.dir/link.txt --verbose=1
/usr/bin/cc   -DCHECK_FUNCTION_EXISTS=pthread_create    CMakeFiles/cmTC_71ffa.dir/CheckFunctionExists.c.o  -o cmTC_71ffa -rdynamic -lpthreads 
/usr/bin/ld: cannot find -lpthreads
collect2: error: ld returned 1 exit status
CMakeFiles/cmTC_71ffa.dir/build.make:97: recipe for target 'cmTC_71ffa' failed
make[1]: *** [cmTC_71ffa] Error 1
make[1]: Leaving directory '/home/xx/commonspace/ship_ws/build/CMakeFiles/CMakeTmp'
Makefile:126: recipe for target 'cmTC_71ffa/fast' failed
make: *** [cmTC_71ffa/fast] Error 2


